<?xml version="1.0" encoding="UTF-8"?>
<testsuite xmlns:xsi="http://www.w3.org/2001/XMLSchema-instance" xsi:noNamespaceSchemaLocation="https://maven.apache.org/surefire/maven-surefire-plugin/xsd/surefire-test-report.xsd" name="ItemManagerTest" time="0.235" tests="7" errors="0" skipped="0" failures="0">
  <properties>
    <property name="java.specification.version" value="21"/>
    <property name="sun.cpu.isalist" value="amd64"/>
    <property name="sun.jnu.encoding" value="Cp1252"/>
    <property name="java.class.path" value="c:\Users\Dyzos\Documents\UTS\Semester 4 (Autumn 2024)\Introduction to Software Development\41025 ISD Assignment 2\gitrepo\IoTBay\iotbay\target\test-classes;c:\Users\Dyzos\Documents\UTS\Semester 4 (Autumn 2024)\Introduction to Software Development\41025 ISD Assignment 2\gitrepo\IoTBay\iotbay\target\classes;C:\Users\Dyzos\.m2\repository\junit\junit\4.11\junit-4.11.jar;C:\Users\Dyzos\.m2\repository\org\hamcrest\hamcrest-core\1.3\hamcrest-core-1.3.jar;C:\Users\Dyzos\.m2\repository\org\postgresql\postgresql\42.7.5\postgresql-42.7.5.jar;C:\Users\Dyzos\.m2\repository\org\checkerframework\checker-qual\3.48.3\checker-qual-3.48.3.jar;C:\Users\Dyzos\.m2\repository\org\xerial\sqlite-jdbc\3.49.1.0\sqlite-jdbc-3.49.1.0.jar;C:\Users\Dyzos\.m2\repository\jakarta\servlet\jakarta.servlet-api\6.1.0\jakarta.servlet-api-6.1.0.jar;"/>
    <property name="java.vm.vendor" value="Oracle Corporation"/>
    <property name="sun.arch.data.model" value="64"/>
    <property name="user.variant" value=""/>
    <property name="java.vendor.url" value="https://java.oracle.com/"/>
    <property name="user.timezone" value="Australia/Sydney"/>
    <property name="os.name" value="Windows 11"/>
    <property name="java.vm.specification.version" value="21"/>
    <property name="sun.java.launcher" value="SUN_STANDARD"/>
    <property name="user.country" value="ID"/>
    <property name="sun.boot.library.path" value="C:\Program Files\Java\jdk-21\bin"/>
    <property name="sun.java.command" value="C:\Users\Dyzos\AppData\Local\Temp\surefire3510845408450746560\surefirebooter13127449441235242751.jar C:\Users\Dyzos\AppData\Local\Temp\surefire3510845408450746560 2025-05-22T11-37-57_756-jvmRun1 surefire17193417825526606471tmp surefire_010786056125925159518tmp"/>
    <property name="jdk.debug" value="release"/>
    <property name="surefire.test.class.path" value="c:\Users\Dyzos\Documents\UTS\Semester 4 (Autumn 2024)\Introduction to Software Development\41025 ISD Assignment 2\gitrepo\IoTBay\iotbay\target\test-classes;c:\Users\Dyzos\Documents\UTS\Semester 4 (Autumn 2024)\Introduction to Software Development\41025 ISD Assignment 2\gitrepo\IoTBay\iotbay\target\classes;C:\Users\Dyzos\.m2\repository\junit\junit\4.11\junit-4.11.jar;C:\Users\Dyzos\.m2\repository\org\hamcrest\hamcrest-core\1.3\hamcrest-core-1.3.jar;C:\Users\Dyzos\.m2\repository\org\postgresql\postgresql\42.7.5\postgresql-42.7.5.jar;C:\Users\Dyzos\.m2\repository\org\checkerframework\checker-qual\3.48.3\checker-qual-3.48.3.jar;C:\Users\Dyzos\.m2\repository\org\xerial\sqlite-jdbc\3.49.1.0\sqlite-jdbc-3.49.1.0.jar;C:\Users\Dyzos\.m2\repository\jakarta\servlet\jakarta.servlet-api\6.1.0\jakarta.servlet-api-6.1.0.jar;"/>
    <property name="sun.cpu.endian" value="little"/>
    <property name="user.home" value="C:\Users\Dyzos"/>
    <property name="user.language" value="en"/>
    <property name="java.specification.vendor" value="Oracle Corporation"/>
    <property name="java.version.date" value="2023-10-17"/>
    <property name="java.home" value="C:\Program Files\Java\jdk-21"/>
    <property name="file.separator" value="\"/>
    <property name="basedir" value="c:\Users\Dyzos\Documents\UTS\Semester 4 (Autumn 2024)\Introduction to Software Development\41025 ISD Assignment 2\gitrepo\IoTBay\iotbay"/>
    <property name="java.vm.compressedOopsMode" value="Zero based"/>
    <property name="line.separator" value="&#10;"/>
    <property name="java.vm.specification.vendor" value="Oracle Corporation"/>
    <property name="java.specification.name" value="Java Platform API Specification"/>
    <property name="surefire.real.class.path" value="C:\Users\Dyzos\AppData\Local\Temp\surefire3510845408450746560\surefirebooter13127449441235242751.jar"/>
    <property name="user.script" value=""/>
    <property name="sun.management.compiler" value="HotSpot 64-Bit Tiered Compilers"/>
    <property name="java.runtime.version" value="21.0.1+12-LTS-29"/>
    <property name="user.name" value="Dyzos"/>
    <property name="stdout.encoding" value="Cp1252"/>
    <property name="path.separator" value=";"/>
    <property name="os.version" value="10.0"/>
    <property name="java.runtime.name" value="Java(TM) SE Runtime Environment"/>
    <property name="file.encoding" value="UTF-8"/>
    <property name="java.vm.name" value="Java HotSpot(TM) 64-Bit Server VM"/>
    <property name="localRepository" value="C:\Users\Dyzos\.m2\repository"/>
    <property name="java.vendor.url.bug" value="https://bugreport.java.com/bugreport/"/>
    <property name="java.io.tmpdir" value="C:\Users\Dyzos\AppData\Local\Temp\"/>
    <property name="java.version" value="21.0.1"/>
    <property name="user.dir" value="c:\Users\Dyzos\Documents\UTS\Semester 4 (Autumn 2024)\Introduction to Software Development\41025 ISD Assignment 2\gitrepo\IoTBay\iotbay"/>
    <property name="os.arch" value="amd64"/>
    <property name="java.vm.specification.name" value="Java Virtual Machine Specification"/>
    <property name="sun.os.patch.level" value=""/>
    <property name="native.encoding" value="Cp1252"/>
    <property name="java.library.path" value="C:\Program Files\Java\jdk-21\bin;C:\WINDOWS\Sun\Java\bin;C:\WINDOWS\system32;C:\WINDOWS;C:\Program Files (x86)\Common Files\Intel\Shared Libraries\redist\intel64\compiler;C:\Program Files\Common Files\Oracle\Java\javapath;C:\Program Files (x86)\Common Files\Oracle\Java\java8path;C:\Program Files (x86)\Common Files\Oracle\Java\javapath;C:\WINDOWS\system32;C:\WINDOWS;C:\WINDOWS\System32\Wbem;C:\WINDOWS\System32\WindowsPowerShell\v1.0\;C:\WINDOWS\System32\OpenSSH\;C:\Program Files (x86)\NVIDIA Corporation\PhysX\Common;C:\Program Files\dotnet\;C:\Program Files\Maven\apache-maven-3.9.9\bin;C:\Program Files\Git\cmd;C:\Program Files\CMake\bin;C:\mingw64\bin;;C:\Program Files\NVIDIA Corporation\NVIDIA App\NvDLISR;C:\Users\Dyzos\AppData\Local\Microsoft\WindowsApps;C:\Users\Dyzos\AppData\Local\Programs\Microsoft VS Code\bin;;c:\Users\Dyzos\AppData\Roaming\Code\User\globalStorage\github.copilot-chat\debugCommand;."/>
    <property name="java.vm.info" value="mixed mode, sharing"/>
    <property name="stderr.encoding" value="Cp1252"/>
    <property name="java.vendor" value="Oracle Corporation"/>
    <property name="java.vm.version" value="21.0.1+12-LTS-29"/>
    <property name="sun.io.unicode.encoding" value="UnicodeLittle"/>
    <property name="java.class.version" value="65.0"/>
  </properties>
  <testcase name="test6_GenerateUniqueItemId" classname="ItemManagerTest" time="0.006"/>
  <testcase name="test5_SearchItemsByNameAndType" classname="ItemManagerTest" time="0.004"/>
  <testcase name="test2_GetAllItems" classname="ItemManagerTest" time="0.005"/>
  <testcase name="test1_AddFindUpdateDeleteItem" classname="ItemManagerTest" time="0.019"/>
  <testcase name="test4_SearchItemsByType" classname="ItemManagerTest" time="0.001"/>
  <testcase name="test7_ItemAvailabilityCheck" classname="ItemManagerTest" time="0.013"/>
  <testcase name="test3_SearchItemsByName" classname="ItemManagerTest" time="0.002"/>
</testsuite>